FATAL: [14:0] SST Core: Error encountered during simulation: Error:  TimeConverter creation requires a time unit (s or Hz), 50 M was passed to call
SST Fatal Backtrace Information:
    0 : sst(_ZNK3SST6Output5fatalEjPKcS2_iS2_z+0x3b7) [0x54ace7]
    1 : sst() [0x4bc6dc]
    2 : /lib64/libc.so.6(__libc_start_main+0xf5) [0x7fe4c8e83555]
    3 : sst() [0x4e34de]
FATAL: [0:0] SST Core: Error encountered during simulation: Error:  TimeConverter creation requires a time unit (s or Hz), 50 M was passed to call
SST Fatal Backtrace Information:
    0 : sst(_ZNK3SST6Output5fatalEjPKcS2_iS2_z+0x3b7) [0x54ace7]
    1 : sst() [0x4bc6dc]
    2 : /lib64/libc.so.6(__libc_start_main+0xf5) [0x7fae3f5cb555]
    3 : sst() [0x4e34de]
FATAL: [1:0] SST Core: Error encountered during simulation: Error:  TimeConverter creation requires a time unit (s or Hz), 50 M was passed to call
FATAL: [2:0] SST Core: Error encountered during simulation: Error:  TimeConverter creation requires a time unit (s or Hz), 50 M was passed to call
SST Fatal Backtrace Information:
    0 : sst(_ZNK3SST6Output5fatalEjPKcS2_iS2_z+0x3b7) [0x54ace7]
    1 : sst() [0x4bc6dc]
    2 : /lib64/libc.so.6(__libc_start_main+0xf5) [0x7ff187214555]
    3 : sst() [0x4e34de]
FATAL: [3:0] SST Core: Error encountered during simulation: Error:  TimeConverter creation requires a time unit (s or Hz), 50 M was passed to call
SST Fatal Backtrace Information:
    0 : sst(_ZNK3SST6Output5fatalEjPKcS2_iS2_z+0x3b7) [0x54ace7]
    1 : sst() [0x4bc6dc]
    2 : /lib64/libc.so.6(__libc_start_main+0xf5) [0x7fe2f38d3555]
    3 : sst() [0x4e34de]
FATAL: [4:0] SST Core: Error encountered during simulation: Error:  TimeConverter creation requires a time unit (s or Hz), 50 M was passed to call
SST Fatal Backtrace Information:
    0 : sst(_ZNK3SST6Output5fatalEjPKcS2_iS2_z+0x3b7) [0x54ace7]
    1 : sst() [0x4bc6dc]
    2 : /lib64/libc.so.6(__libc_start_main+0xf5) [0x7f42c5ad6555]
    3 : sst() [0x4e34de]
FATAL: [5:0] SST Core: Error encountered during simulation: Error:  TimeConverter creation requires a time unit (s or Hz), 50 M was passed to call
SST Fatal Backtrace Information:
    0 : sst(_ZNK3SST6Output5fatalEjPKcS2_iS2_z+0x3b7) [0x54ace7]
    1 : sst() [0x4bc6dc]
    2 : /lib64/libc.so.6(__libc_start_main+0xf5) [0x7f4c4e318555]
    3 : sst() [0x4e34de]
FATAL: [6:0] SST Core: Error encountered during simulation: Error:  TimeConverter creation requires a time unit (s or Hz), 50 M was passed to call
SST Fatal Backtrace Information:
    0 : sst(_ZNK3SST6Output5fatalEjPKcS2_iS2_z+0x3b7) [0x54ace7]
    1 : sst() [0x4bc6dc]
    2 : /lib64/libc.so.6(__libc_start_main+0xf5) [0x7f5ebb8f4555]
    3 : sst() [0x4e34de]
FATAL: [7:0] SST Core: Error encountered during simulation: Error:  TimeConverter creation requires a time unit (s or Hz), 50 M was passed to call
SST Fatal Backtrace Information:
    0 : sst(_ZNK3SST6Output5fatalEjPKcS2_iS2_z+0x3b7) [0x54ace7]
    1 : sst() [0x4bc6dc]
    2 : /lib64/libc.so.6(__libc_start_main+0xf5) [0x7f9a8dfff555]
    3 : sst() [0x4e34de]
FATAL: [8:0] SST Core: Error encountered during simulation: Error:  TimeConverter creation requires a time unit (s or Hz), 50 M was passed to call
SST Fatal Backtrace Information:
    0 : sst(_ZNK3SST6Output5fatalEjPKcS2_iS2_z+0x3b7) [0x54ace7]
    1 : sst() [0x4bc6dc]
    2 : /lib64/libc.so.6(__libc_start_main+0xf5) [0x7fd06a6a5555]
    3 : sst() [0x4e34de]
FATAL: [9:0] SST Core: Error encountered during simulation: Error:  TimeConverter creation requires a time unit (s or Hz), 50 M was passed to call
SST Fatal Backtrace Information:
    0 : sst(_ZNK3SST6Output5fatalEjPKcS2_iS2_z+0x3b7) [0x54ace7]
    1 : sst() [0x4bc6dc]
    2 : /lib64/libc.so.6(__libc_start_main+0xf5) [0x7f8c951d1555]
    3 : sst() [0x4e34de]
FATAL: [10:0] SST Core: Error encountered during simulation: Error:  TimeConverter creation requires a time unit (s or Hz), 50 M was passed to call
SST Fatal Backtrace Information:
    0 : sst(_ZNK3SST6Output5fatalEjPKcS2_iS2_z+0x3b7) [0x54ace7]
    1 : sst() [0x4bc6dc]
    2 : /lib64/libc.so.6(__libc_start_main+0xf5) [0x7fee3cc33555]
    3 : sst() [0x4e34de]
FATAL: [11:0] SST Core: Error encountered during simulation: Error:  TimeConverter creation requires a time unit (s or Hz), 50 M was passed to call
FATAL: [12:0] SST Core: Error encountered during simulation: Error:  TimeConverter creation requires a time unit (s or Hz), 50 M was passed to call
SST Fatal Backtrace Information:
    0 : sst(_ZNK3SST6Output5fatalEjPKcS2_iS2_z+0x3b7) [0x54ace7]
    1 : sst() [0x4bc6dc]
    2 : /lib64/libc.so.6(__libc_start_main+0xf5) [0x7f0713e15555]
    3 : sst() [0x4e34de]
FATAL: [13:0] SST Core: Error encountered during simulation: Error:  TimeConverter creation requires a time unit (s or Hz), 50 M was passed to call
SST Fatal Backtrace Information:
    0 : sst(_ZNK3SST6Output5fatalEjPKcS2_iS2_z+0x3b7) [0x54ace7]
    1 : sst() [0x4bc6dc]
    2 : /lib64/libc.so.6(__libc_start_main+0xf5) [0x7fa257feb555]
    3 : sst() [0x4e34de]
FATAL: [29:0] SST Core: Error encountered during simulation: Error:  TimeConverter creation requires a time unit (s or Hz), 50 M was passed to call
SST Fatal Backtrace Information:
    0 : sst(_ZNK3SST6Output5fatalEjPKcS2_iS2_z+0x3b7) [0x54ace7]
    1 : sst() [0x4bc6dc]
    2 : /lib64/libc.so.6(__libc_start_main+0xf5) [0x7f085c22f555]
    3 : sst() [0x4e34de]
SST Fatal Backtrace Information:
    0 : sst(_ZNK3SST6Output5fatalEjPKcS2_iS2_z+0x3b7) [0x54ace7]
    1 : sst() [0x4bc6dc]
    2 : /lib64/libc.so.6(__libc_start_main+0xf5) [0x7f7936dfb555]
    3 : sst() [0x4e34de]
FATAL: [15:0] SST Core: Error encountered during simulation: Error:  TimeConverter creation requires a time unit (s or Hz), 50 M was passed to call
FATAL: [20:0] SST Core: Error encountered during simulation: Error:  TimeConverter creation requires a time unit (s or Hz), 50 M was passed to call
FATAL: [24:0] SST Core: Error encountered during simulation: Error:  TimeConverter creation requires a time unit (s or Hz), 50 M was passed to call
FATAL: [25:0] SST Core: Error encountered during simulation: Error:  TimeConverter creation requires a time unit (s or Hz), 50 M was passed to call
FATAL: [26:0] SST Core: Error encountered during simulation: Error:  TimeConverter creation requires a time unit (s or Hz), 50 M was passed to call
FATAL: [28:0] SST Core: Error encountered during simulation: Error:  TimeConverter creation requires a time unit (s or Hz), 50 M was passed to call
FATAL: [16:0] SST Core: Error encountered during simulation: Error:  TimeConverter creation requires a time unit (s or Hz), 50 M was passed to call
FATAL: [17:0] SST Core: Error encountered during simulation: Error:  TimeConverter creation requires a time unit (s or Hz), 50 M was passed to call
FATAL: [18:0] SST Core: Error encountered during simulation: Error:  TimeConverter creation requires a time unit (s or Hz), 50 M was passed to call
FATAL: [19:0] SST Core: Error encountered during simulation: Error:  TimeConverter creation requires a time unit (s or Hz), 50 M was passed to call
FATAL: [21:0] SST Core: Error encountered during simulation: Error:  TimeConverter creation requires a time unit (s or Hz), 50 M was passed to call
FATAL: [22:0] SST Core: Error encountered during simulation: Error:  TimeConverter creation requires a time unit (s or Hz), 50 M was passed to call
FATAL: [23:0] SST Core: Error encountered during simulation: Error:  TimeConverter creation requires a time unit (s or Hz), 50 M was passed to call
FATAL: [27:0] SST Core: Error encountered during simulation: Error:  TimeConverter creation requires a time unit (s or Hz), 50 M was passed to call
SST Fatal Backtrace Information:
    0 : sst(_ZNK3SST6Output5fatalEjPKcS2_iS2_z+0x3b7) [0x54ace7]
    1 : sst() [0x4bc6dc]
    2 : /lib64/libc.so.6(__libc_start_main+0xf5) [0x7f215c4bb555]
    3 : sst() [0x4e34de]
SST Fatal Backtrace Information:
    0 : sst(_ZNK3SST6Output5fatalEjPKcS2_iS2_z+0x3b7) [0x54ace7]
    1 : sst() [0x4bc6dc]
    2 : /lib64/libc.so.6(__libc_start_main+0xf5) [0x7f8a4d062555]
    3 : sst() [0x4e34de]
SST Fatal Backtrace Information:
    0 : sst(_ZNK3SST6Output5fatalEjPKcS2_iS2_z+0x3b7) [0x54ace7]
    1 : sst() [0x4bc6dc]
    2 : /lib64/libc.so.6(__libc_start_main+0xf5) [0x7fb4b4c53555]
    3 : sst() [0x4e34de]
SST Fatal Backtrace Information:
    0 : sst(_ZNK3SST6Output5fatalEjPKcS2_iS2_z+0x3b7) [0x54ace7]
    1 : sst() [0x4bc6dc]
    2 : /lib64/libc.so.6(__libc_start_main+0xf5) [0x7fcd186fb555]
    3 : sst() [0x4e34de]
SST Fatal Backtrace Information:
    0 : sst(_ZNK3SST6Output5fatalEjPKcS2_iS2_z+0x3b7) [0x54ace7]
    1 : sst() [0x4bc6dc]
    2 : /lib64/libc.so.6(__libc_start_main+0xf5) [0x7f27951d9555]
    3 : sst() [0x4e34de]
SST Fatal Backtrace Information:
    0 : sst(_ZNK3SST6Output5fatalEjPKcS2_iS2_z+0x3b7) [0x54ace7]
    1 : sst() [0x4bc6dc]
    2 : /lib64/libc.so.6(__libc_start_main+0xf5) [0x7f7c26378555]
    3 : sst() [0x4e34de]
SST Fatal Backtrace Information:
    0 : sst(_ZNK3SST6Output5fatalEjPKcS2_iS2_z+0x3b7) [0x54ace7]
    1 : sst() [0x4bc6dc]
    2 : /lib64/libc.so.6(__libc_start_main+0xf5) [0x7f46d5ff4555]
    3 : sst() [0x4e34de]
SST Fatal Backtrace Information:
    0 : sst(_ZNK3SST6Output5fatalEjPKcS2_iS2_z+0x3b7) [0x54ace7]
    1 : sst() [0x4bc6dc]
    2 : /lib64/libc.so.6(__libc_start_main+0xf5) [0x7fdf44e65555]
    3 : sst() [0x4e34de]
SST Fatal Backtrace Information:
    0 : sst(_ZNK3SST6Output5fatalEjPKcS2_iS2_z+0x3b7) [0x54ace7]
    1 : sst() [0x4bc6dc]
    2 : /lib64/libc.so.6(__libc_start_main+0xf5) [0x7f2102a9e555]
    3 : sst() [0x4e34de]
SST Fatal Backtrace Information:
    0 : sst(_ZNK3SST6Output5fatalEjPKcS2_iS2_z+0x3b7) [0x54ace7]
    1 : sst() [0x4bc6dc]
    2 : /lib64/libc.so.6(__libc_start_main+0xf5) [0x7f91ec5df555]
    3 : sst() [0x4e34de]
SST Fatal Backtrace Information:
    0 : sst(_ZNK3SST6Output5fatalEjPKcS2_iS2_z+0x3b7) [0x54ace7]
    1 : sst() [0x4bc6dc]
    2 : /lib64/libc.so.6(__libc_start_main+0xf5) [0x7f8468aa2555]
    3 : sst() [0x4e34de]
SST Fatal Backtrace Information:
    0 : sst(_ZNK3SST6Output5fatalEjPKcS2_iS2_z+0x3b7) [0x54ace7]
    1 : sst() [0x4bc6dc]
    2 : /lib64/libc.so.6(__libc_start_main+0xf5) [0x7f8936faf555]
    3 : sst() [0x4e34de]
SST Fatal Backtrace Information:
    0 : sst(_ZNK3SST6Output5fatalEjPKcS2_iS2_z+0x3b7) [0x54ace7]
    1 : sst() [0x4bc6dc]
    2 : /lib64/libc.so.6(__libc_start_main+0xf5) [0x7f8043b64555]
    3 : sst() [0x4e34de]
SST Fatal Backtrace Information:
    0 : sst(_ZNK3SST6Output5fatalEjPKcS2_iS2_z+0x3b7) [0x54ace7]
    1 : sst() [0x4bc6dc]
    2 : /lib64/libc.so.6(__libc_start_main+0xf5) [0x7f544e706555]
    3 : sst() [0x4e34de]
SST Fatal Backtrace Information:
    0 : sst(_ZNK3SST6Output5fatalEjPKcS2_iS2_z+0x3b7) [0x54ace7]
    1 : sst() [0x4bc6dc]
    2 : /lib64/libc.so.6(__libc_start_main+0xf5) [0x7f57cdea3555]
    3 : sst() [0x4e34de]
--------------------------------------------------------------------------
MPI_ABORT was invoked on rank 13 in communicator MPI_COMM_WORLD
with errorcode -1.

NOTE: invoking MPI_ABORT causes Open MPI to kill all MPI processes.
You may or may not see output from other processes, depending on
exactly when Open MPI kills them.
--------------------------------------------------------------------------
[ice123.icehammer.gtri.org:31072] 29 more processes have sent help message help-mpi-api.txt / mpi-abort
[ice123.icehammer.gtri.org:31072] Set MCA parameter "orte_base_help_aggregate" to 0 to see all help / error messages

real	0m4.898s
user	0m2.175s
sys	0m3.138s
